<?xml version="1.0" encoding="UTF-8"?>
<testsuite name="TestCalculator" tests="5" skipped="0" failures="0" errors="0" timestamp="2022-12-29T08:58:13" hostname="TestVagrants-MacBook-Pro.local" time="0.009">
  <properties/>
  <testcase name="calulateSquareOfNumber" classname="TestCalculator" time="0.004"/>
  <testcase name="testAdditionOfTwoNumbers" classname="TestCalculator" time="0.0"/>
  <testcase name="testFindPercentage" classname="TestCalculator" time="0.0"/>
  <testcase name="testMultiplyTwoNumbers" classname="TestCalculator" time="0.0"/>
  <testcase name="testSubtractTwoNumbers" classname="TestCalculator" time="0.0"/>
  <system-out><![CDATA[]]></system-out>
  <system-err><![CDATA[]]></system-err>
</testsuite>
