<?xml version="1.0" encoding="UTF-8"?>
<testsuite name="SaveUserApiTests" tests="2" skipped="0" failures="0" errors="0" timestamp="2023-01-03T12:17:32" hostname="TestVagrants-MacBook-Pro.local" time="1.817">
  <properties/>
  <testcase name="saveFemaleUser" classname="SaveUserApiTests" time="1.59"/>
  <testcase name="saveMaleUser" classname="SaveUserApiTests" time="0.224"/>
  <system-out><![CDATA[{
    "meta": null,
    "data": {
        "id": 28544,
        "name": "Olive",
        "email": "38e56f27-a0c1-4cbc-b362-441b121c7638@gmail.com",
        "gender": "female",
        "status": "active"
    }
}
{
    "meta": null,
    "data": {
        "id": 28545,
        "name": "Poopye",
        "email": "f7750b56-ef5f-4376-81e9-58d03de5742a@gmail.com",
        "gender": "male",
        "status": "active"
    }
}
]]></system-out>
  <system-err><![CDATA[]]></system-err>
</testsuite>
