<?xml version="1.0" encoding="UTF-8"?>
<testsuite name="ApiTests" tests="1" skipped="0" failures="0" errors="0" timestamp="2022-12-30T10:14:16" hostname="TestVagrants-MacBook-Pro.local" time="1.624">
  <properties/>
  <testcase name="saveUser" classname="ApiTests" time="1.624"/>
  <system-out><![CDATA[{
    "id": 17528,
    "name": "Jayanthi",
    "email": "jayanthi@gmail.com",
    "gender": "female",
    "status": "active"
}
]]></system-out>
  <system-err><![CDATA[]]></system-err>
</testsuite>
