<?xml version="1.0" encoding="UTF-8"?>
<testsuite name="SaveUserNegativeTests" tests="1" skipped="0" failures="0" errors="0" timestamp="2023-01-05T09:44:54" hostname="TestVagrants-MacBook-Pro.local" time="1.689">
  <properties/>
  <testcase name="shouldNotAllowToCreateUserWithInvalidId" classname="SaveUserNegativeTests" time="1.689"/>
  <system-out><![CDATA[{
    "meta": null,
    "data": [
        {
            "field": "email",
            "message": "is invalid"
        }
    ]
}
]]></system-out>
  <system-err><![CDATA[]]></system-err>
</testsuite>
