<?xml version="1.0" encoding="UTF-8"?>
<testsuite name="GetAllUsersApiTests" tests="1" skipped="0" failures="0" errors="0" timestamp="2023-01-02T09:26:57" hostname="TestVagrants-MacBook-Pro.local" time="2.18">
  <properties/>
  <testcase name="getAllUsers" classname="GetAllUsersApiTests" time="2.18"/>
  <system-out><![CDATA[{
    "meta": {
        "pagination": {
            "total": 4395,
            "pages": 440,
            "page": 1,
            "limit": 10,
            "links": {
                "previous": null,
                "current": "https://gorest.co.in/public/v1/users?page=1",
                "next": "https://gorest.co.in/public/v1/users?page=2"
            }
        }
    },
    "data": [
        {
            "id": 4836,
            "name": "Dayaanidhi Ahuja",
            "email": "ahuja_dayaanidhi@donnelly.name",
            "gender": "female",
            "status": "active"
        },
        {
            "id": 4834,
            "name": "Bhupen Talwar",
            "email": "talwar_bhupen@bahringer.info",
            "gender": "female",
            "status": "active"
        },
        {
            "id": 4833,
            "name": "Gangesh Gowda",
            "email": "gangesh_gowda@corwin.org",
            "gender": "female",
            "status": "inactive"
        },
        {
            "id": 4831,
            "name": "Dhana Jha",
            "email": "jha_dhana@ledner.co",
            "gender": "female",
            "status": "active"
        },
        {
            "id": 4830,
            "name": "Vidhya Sethi",
            "email": "sethi_vidhya@hagenes.biz",
            "gender": "female",
            "status": "active"
        },
        {
            "id": 4829,
            "name": "The Hon. Ahilya Tagore",
            "email": "hon_the_ahilya_tagore@runolfsdottir.biz",
            "gender": "male",
            "status": "active"
        },
        {
            "id": 4828,
            "name": "Gautam Gill",
            "email": "gautam_gill@altenwerth-koepp.com",
            "gender": "male",
            "status": "active"
        },
        {
            "id": 4827,
            "name": "Atmanand Sinha",
            "email": "sinha_atmanand@bednar.co",
            "gender": "male",
            "status": "active"
        },
        {
            "id": 4826,
            "name": "Abani Namboothiri",
            "email": "abani_namboothiri@miller.biz",
            "gender": "male",
            "status": "active"
        },
        {
            "id": 4825,
            "name": "Kin Khatri",
            "email": "kin_khatri@schaden-adams.io",
            "gender": "male",
            "status": "active"
        }
    ]
}
]]></system-out>
  <system-err><![CDATA[]]></system-err>
</testsuite>
