<?xml version="1.0" encoding="UTF-8"?>
<testsuite name="ApiTests" tests="1" skipped="0" failures="0" errors="0" timestamp="2023-01-02T07:25:14" hostname="TestVagrants-MacBook-Pro.local" time="2.171">
  <properties/>
  <testcase name="saveFemaleUser" classname="ApiTests" time="2.171"/>
  <system-out><![CDATA[{
    "meta": null,
    "data": {
        "id": 24409,
        "name": "Gowri",
        "email": "gowri101122@gmail.com",
        "gender": "female",
        "status": "active"
    }
}
]]></system-out>
  <system-err><![CDATA[]]></system-err>
</testsuite>
